# JRE version: OpenJDK Runtime Environment (8.0_242-b08) (build 1.8.0_242-8u242-b08-0ubuntu3~16.04-b08)
# Java VM: OpenJDK 64-Bit Server VM (25.242-b08 mixed mode linux-amd64 compressed oops)
Heap:
 PSYoungGen      total 523264K, used 0K [0x00000000db300000, 0x0000000100000000, 0x0000000100000000)
  eden space 474112K, 0% used [0x00000000db300000,0x00000000db300000,0x00000000f8200000)
  from space 49152K, 0% used [0x00000000f8200000,0x00000000f8200000,0x00000000fb200000)
  to   space 65536K, 0% used [0x00000000fc000000,0x00000000fc000000,0x0000000100000000)
 ParOldGen       total 630784K, used 376190K [0x0000000091800000, 0x00000000b8000000, 0x00000000db300000)
  object space 630784K, 59% used [0x0000000091800000,0x00000000a875f948,0x00000000b8000000)
 Metaspace       used 76382K, capacity 82401K, committed 82776K, reserved 1120256K
  class space    used 10269K, capacity 11818K, committed 11904K, reserved 1048576K
GC Heap History (10 events):
Event: 1920.018 GC heap after
Heap after GC invocations=244 (full 3):
 PSYoungGen      total 539648K, used 42880K [0x00000000db300000, 0x00000000fff80000, 0x0000000100000000)
  eden space 476160K, 0% used [0x00000000db300000,0x00000000db300000,0x00000000f8400000)
  from space 63488K, 67% used [0x00000000f8400000,0x00000000fade00e8,0x00000000fc200000)
  to   space 62976K, 0% used [0x00000000fc200000,0x00000000fc200000,0x00000000fff80000)
 ParOldGen       total 630784K, used 622417K [0x0000000091800000, 0x00000000b8000000, 0x00000000db300000)
  object space 630784K, 98% used [0x0000000091800000,0x00000000b77d45c0,0x00000000b8000000)
 Metaspace       used 76440K, capacity 82465K, committed 82776K, reserved 1120256K
  class space    used 10282K, capacity 11844K, committed 11904K, reserved 1048576K
}
Event: 1931.475 GC heap before
{Heap before GC invocations=245 (full 3):
 PSYoungGen      total 539648K, used 519040K [0x00000000db300000, 0x00000000fff80000, 0x0000000100000000)
  eden space 476160K, 100% used [0x00000000db300000,0x00000000f8400000,0x00000000f8400000)
  from space 63488K, 67% used [0x00000000f8400000,0x00000000fade00e8,0x00000000fc200000)
  to   space 62976K, 0% used [0x00000000fc200000,0x00000000fc200000,0x00000000fff80000)
 ParOldGen       total 630784K, used 622417K [0x0000000091800000, 0x00000000b8000000, 0x00000000db300000)
  object space 630784K, 98% used [0x0000000091800000,0x00000000b77d45c0,0x00000000b8000000)
 Metaspace       used 76443K, capacity 82465K, committed 82776K, reserved 1120256K
  class space    used 10282K, capacity 11844K, committed 11904K, reserved 1048576K
Event: 1931.516 GC heap after
Heap after GC invocations=245 (full 3):
 PSYoungGen      total 538624K, used 42976K [0x00000000db300000, 0x00000000ffe80000, 0x0000000100000000)
  eden space 476672K, 0% used [0x00000000db300000,0x00000000db300000,0x00000000f8480000)
  from space 61952K, 69% used [0x00000000fc200000,0x00000000febf8100,0x00000000ffe80000)
  to   space 62464K, 0% used [0x00000000f8480000,0x00000000f8480000,0x00000000fc180000)
 ParOldGen       total 630784K, used 622481K [0x0000000091800000, 0x00000000b8000000, 0x00000000db300000)
  object space 630784K, 98% used [0x0000000091800000,0x00000000b77e45c0,0x00000000b8000000)
 Metaspace       used 76443K, capacity 82465K, committed 82776K, reserved 1120256K
  class space    used 10282K, capacity 11844K, committed 11904K, reserved 1048576K
}
Event: 1940.751 GC heap before
{Heap before GC invocations=246 (full 3):
 PSYoungGen      total 538624K, used 519648K [0x00000000db300000, 0x00000000ffe80000, 0x0000000100000000)
  eden space 476672K, 100% used [0x00000000db300000,0x00000000f8480000,0x00000000f8480000)
  from space 61952K, 69% used [0x00000000fc200000,0x00000000febf8100,0x00000000ffe80000)
  to   space 62464K, 0% used [0x00000000f8480000,0x00000000f8480000,0x00000000fc180000)
 ParOldGen       total 630784K, used 622481K [0x0000000091800000, 0x00000000b8000000, 0x00000000db300000)
  object space 630784K, 98% used [0x0000000091800000,0x00000000b77e45c0,0x00000000b8000000)
 Metaspace       used 76444K, capacity 82465K, committed 82776K, reserved 1120256K
  class space    used 10282K, capacity 11844K, committed 11904K, reserved 1048576K
Event: 1940.983 GC heap after
Heap after GC invocations=246 (full 3):
 PSYoungGen      total 539136K, used 45216K [0x00000000db300000, 0x0000000100000000, 0x0000000100000000)
  eden space 476672K, 0% used [0x00000000db300000,0x00000000db300000,0x00000000f8480000)
  from space 62464K, 72% used [0x00000000f8480000,0x00000000fb0a80e8,0x00000000fc180000)
  to   space 62976K, 0% used [0x00000000fc280000,0x00000000fc280000,0x0000000100000000)
 ParOldGen       total 630784K, used 622557K [0x0000000091800000, 0x00000000b8000000, 0x00000000db300000)
  object space 630784K, 98% used [0x0000000091800000,0x00000000b77f75d0,0x00000000b8000000)
 Metaspace       used 76444K, capacity 82465K, committed 82776K, reserved 1120256K
  class space    used 10282K, capacity 11844K, committed 11904K, reserved 1048576K
}
Event: 1949.464 GC heap before
{Heap before GC invocations=247 (full 3):
 PSYoungGen      total 539136K, used 521888K [0x00000000db300000, 0x0000000100000000, 0x0000000100000000)
  eden space 476672K, 100% used [0x00000000db300000,0x00000000f8480000,0x00000000f8480000)
  from space 62464K, 72% used [0x00000000f8480000,0x00000000fb0a80e8,0x00000000fc180000)
  to   space 62976K, 0% used [0x00000000fc280000,0x00000000fc280000,0x0000000100000000)
 ParOldGen       total 630784K, used 622557K [0x0000000091800000, 0x00000000b8000000, 0x00000000db300000)
  object space 630784K, 98% used [0x0000000091800000,0x00000000b77f75d0,0x00000000b8000000)
 Metaspace       used 76455K, capacity 82529K, committed 82776K, reserved 1120256K
  class space    used 10282K, capacity 11844K, committed 11904K, reserved 1048576K
Event: 1949.513 GC heap after
Heap after GC invocations=247 (full 3):
 PSYoungGen      total 537088K, used 50144K [0x00000000db300000, 0x0000000100000000, 0x0000000100000000)
  eden space 474112K, 0% used [0x00000000db300000,0x00000000db300000,0x00000000f8200000)
  from space 62976K, 79% used [0x00000000fc280000,0x00000000ff3780e8,0x0000000100000000)
  to   space 64512K, 0% used [0x00000000f8200000,0x00000000f8200000,0x00000000fc100000)
 ParOldGen       total 630784K, used 622741K [0x0000000091800000, 0x00000000b8000000, 0x00000000db300000)
  object space 630784K, 98% used [0x0000000091800000,0x00000000b78255d0,0x00000000b8000000)
 Metaspace       used 76455K, capacity 82529K, committed 82776K, reserved 1120256K
  class space    used 10282K, capacity 11844K, committed 11904K, reserved 1048576K
}
Event: 1957.244 GC heap before
{Heap before GC invocations=248 (full 3):
 PSYoungGen      total 537088K, used 524256K [0x00000000db300000, 0x0000000100000000, 0x0000000100000000)
  eden space 474112K, 100% used [0x00000000db300000,0x00000000f8200000,0x00000000f8200000)
  from space 62976K, 79% used [0x00000000fc280000,0x00000000ff3780e8,0x0000000100000000)
  to   space 64512K, 0% used [0x00000000f8200000,0x00000000f8200000,0x00000000fc100000)
 ParOldGen       total 630784K, used 622741K [0x0000000091800000, 0x00000000b8000000, 0x00000000db300000)
  object space 630784K, 98% used [0x0000000091800000,0x00000000b78255d0,0x00000000b8000000)
 Metaspace       used 76461K, capacity 82529K, committed 82776K, reserved 1120256K
  class space    used 10282K, capacity 11844K, committed 11904K, reserved 1048576K
Event: 1957.486 GC heap after
Heap after GC invocations=248 (full 3):
 PSYoungGen      total 523264K, used 48736K [0x00000000db300000, 0x0000000100000000, 0x0000000100000000)
  eden space 474112K, 0% used [0x00000000db300000,0x00000000db300000,0x00000000f8200000)
  from space 49152K, 99% used [0x00000000f8200000,0x00000000fb1980e8,0x00000000fb200000)
  to   space 65536K, 0% used [0x00000000fc000000,0x00000000fc000000,0x0000000100000000)
 ParOldGen       total 630784K, used 627522K [0x0000000091800000, 0x00000000b8000000, 0x00000000db300000)
  object space 630784K, 99% used [0x0000000091800000,0x00000000b7cd0a88,0x00000000b8000000)
 Metaspace       used 76461K, capacity 82529K, committed 82776K, reserved 1120256K
  class space    used 10282K, capacity 11844K, committed 11904K, reserved 1048576K
}
Event: 1957.486 GC heap before
{Heap before GC invocations=249 (full 4):
 PSYoungGen      total 523264K, used 48736K [0x00000000db300000, 0x0000000100000000, 0x0000000100000000)
  eden space 474112K, 0% used [0x00000000db300000,0x00000000db300000,0x00000000f8200000)
  from space 49152K, 99% used [0x00000000f8200000,0x00000000fb1980e8,0x00000000fb200000)
  to   space 65536K, 0% used [0x00000000fc000000,0x00000000fc000000,0x0000000100000000)
 ParOldGen       total 630784K, used 627522K [0x0000000091800000, 0x00000000b8000000, 0x00000000db300000)
  object space 630784K, 99% used [0x0000000091800000,0x00000000b7cd0a88,0x00000000b8000000)
 Metaspace       used 76461K, capacity 82529K, committed 82776K, reserved 1120256K
  class space    used 10282K, capacity 11844K, committed 11904K, reserved 1048576K

